{
  email: 'mobilepay@mobilepay.com',
  id: new ObjectId("637cfb8c5a70a545065033a2"),
  level: 'info',
  message: 'Merchant logged in successfully',
  timestamp: '2022-11-24T12:46:24.982Z'
}
{
  email: 'mobilepay@mobilepay.com',
  id: new ObjectId("637f6bc133fc906221d20331"),
  level: 'info',
  message: 'Merchant logged in successfully',
  timestamp: '2022-11-24T13:04:13.915Z'
}
{
  email: 'mobilepay@mobilepay.com',
  id: new ObjectId("637f6bc133fc906221d20331"),
  level: 'info',
  message: 'Merchant logged in successfully',
  timestamp: '2022-11-25T17:01:06.123Z'
}
