{
  email: 'mobilepay52@fdv.com',
  id: new ObjectId("6389fd1fb6d7df8604af23ff"),
  level: 'info',
  message: 'Merchant logged in successfully',
  timestamp: '2022-12-02T13:28:50.741Z'
}
{
  email: 'mobilepay52@fdv.com',
  id: new ObjectId("6389fd1fb6d7df8604af23ff"),
  level: 'info',
  message: 'Merchant logged in successfully',
  timestamp: '2022-12-02T13:30:17.988Z'
}
{
  email: 'mobilepay52@fdv.com',
  id: new ObjectId("6389fd1fb6d7df8604af23ff"),
  level: 'info',
  message: 'Merchant logged in successfully',
  timestamp: '2022-12-02T13:32:25.324Z'
}
{
  email: 'mobilepay52@fdv.com',
  id: new ObjectId("6389fd1fb6d7df8604af23ff"),
  level: 'info',
  message: 'Merchant logged in successfully',
  timestamp: '2022-12-02T13:32:35.856Z'
}
{
  email: 'mobilepay52@fdv.com',
  id: new ObjectId("6389fd1fb6d7df8604af23ff"),
  level: 'info',
  message: 'Merchant logged in successfully',
  timestamp: '2022-12-02T13:33:19.487Z'
}
{
  email: 'mobilepay52@fdv.com',
  id: new ObjectId("6389fd1fb6d7df8604af23ff"),
  level: 'info',
  message: 'Merchant logged in successfully',
  timestamp: '2022-12-02T13:34:15.473Z'
}
{
  email: 'mobilepay52@fdv.com',
  id: new ObjectId("6389fd1fb6d7df8604af23ff"),
  level: 'info',
  message: 'Merchant logged in successfully',
  timestamp: '2022-12-02T13:40:45.401Z'
}
{
  email: 'mobilepay52@fdv.com',
  id: new ObjectId("6389fd1fb6d7df8604af23ff"),
  level: 'info',
  message: 'Merchant logged in successfully',
  timestamp: '2022-12-02T13:42:24.256Z'
}
{
  email: 'mobilepay52@fdv.com',
  id: new ObjectId("6389fd1fb6d7df8604af23ff"),
  level: 'info',
  message: 'Merchant logged in successfully',
  timestamp: '2022-12-02T13:43:19.756Z'
}
